{"level":"info","message":"HTTP GET /api/health-check 200 4ms","timestamp":"2017-05-19T15:13:29.204Z"}
{"level":"info","message":"HTTP GET /api/health-check 401 1ms","timestamp":"2017-05-19T15:13:29.233Z"}
{"level":"info","message":"HTTP POST /api/messages/createMsg 200 35ms","timestamp":"2017-05-19T15:13:29.302Z"}
{"level":"info","message":"HTTP POST /api/messages/createMsg 500 32ms","timestamp":"2017-05-19T15:13:29.347Z"}
{"level":"info","message":"HTTP PUT /api/messages/setArchiveField 200 22ms","timestamp":"2017-05-19T15:13:29.382Z"}
{"level":"info","message":"HTTP PUT /api/messages/setArchiveField 404 11ms","timestamp":"2017-05-19T15:13:29.402Z"}
{"level":"info","message":"HTTP GET /api/health-check 200 4ms","timestamp":"2017-05-19T15:18:27.635Z"}
{"level":"info","message":"HTTP GET /api/health-check 401 1ms","timestamp":"2017-05-19T15:18:27.657Z"}
{"level":"info","message":"HTTP POST /api/messages/createMsg 200 30ms","timestamp":"2017-05-19T15:18:27.713Z"}
{"level":"info","message":"HTTP POST /api/messages/createMsg 500 15ms","timestamp":"2017-05-19T15:18:27.738Z"}
{"level":"info","message":"HTTP PUT /api/messages/setArchiveField 200 18ms","timestamp":"2017-05-19T15:18:27.768Z"}
{"level":"info","message":"HTTP PUT /api/messages/setArchiveField 404 5ms","timestamp":"2017-05-19T15:18:27.777Z"}
{"level":"info","message":"HTTP PUT /api/messages/getUserMessages/undefined/12309280 404 0ms","timestamp":"2017-05-19T15:18:27.783Z"}
{"level":"info","message":"HTTP PUT /api/messages/getUserMessages/fakeId/12309280 404 0ms","timestamp":"2017-05-19T15:18:27.791Z"}
{"level":"info","message":"HTTP GET /api/health-check 200 4ms","timestamp":"2017-05-19T15:23:16.746Z"}
{"level":"info","message":"HTTP GET /api/health-check 401 1ms","timestamp":"2017-05-19T15:23:16.765Z"}
{"level":"info","message":"HTTP POST /api/messages/createMsg 200 23ms","timestamp":"2017-05-19T15:23:16.817Z"}
{"level":"info","message":"HTTP POST /api/messages/createMsg 500 25ms","timestamp":"2017-05-19T15:23:16.852Z"}
{"level":"info","message":"HTTP PUT /api/messages/setArchiveField 200 17ms","timestamp":"2017-05-19T15:23:16.882Z"}
{"level":"info","message":"HTTP PUT /api/messages/setArchiveField 400 6ms","timestamp":"2017-05-19T15:23:16.896Z"}
{"level":"info","message":"HTTP GET /api/messages/getUserMessages/undefined/12309280 200 36ms","timestamp":"2017-05-19T15:23:16.940Z"}
{"level":"info","message":"HTTP GET /api/messages/getUserMessages/fakeId/12309280 200 2ms","timestamp":"2017-05-19T15:23:16.947Z"}
{"level":"info","message":"HTTP GET /api/health-check 200 4ms","timestamp":"2017-05-19T15:26:31.547Z"}
{"level":"info","message":"HTTP GET /api/health-check 401 0ms","timestamp":"2017-05-19T15:26:31.564Z"}
{"level":"info","message":"HTTP POST /api/messages/createMsg 200 27ms","timestamp":"2017-05-19T15:26:31.610Z"}
{"level":"info","message":"HTTP POST /api/messages/createMsg 500 16ms","timestamp":"2017-05-19T15:26:31.635Z"}
{"level":"info","message":"HTTP PUT /api/messages/setArchiveField 200 12ms","timestamp":"2017-05-19T15:26:31.660Z"}
{"level":"info","message":"HTTP PUT /api/messages/setArchiveField 400 4ms","timestamp":"2017-05-19T15:26:31.668Z"}
{"level":"info","message":"HTTP GET /api/messages/getUserMessages/undefined/12309280 200 6ms","timestamp":"2017-05-19T15:26:31.680Z"}
{"level":"info","message":"HTTP GET /api/messages/getUserMessages/fakeId/12309280 200 3ms","timestamp":"2017-05-19T15:26:31.688Z"}
{"level":"info","message":"HTTP GET /api/health-check 200 4ms","timestamp":"2017-05-19T16:21:50.039Z"}
{"level":"info","message":"HTTP GET /api/health-check 401 0ms","timestamp":"2017-05-19T16:21:50.090Z"}
{"level":"info","message":"HTTP POST /api/messages/createMsg 200 27ms","timestamp":"2017-05-19T16:21:50.140Z"}
{"level":"info","message":"HTTP POST /api/messages/createMsg 500 17ms","timestamp":"2017-05-19T16:21:50.166Z"}
{"level":"info","message":"HTTP PUT /api/messages/setArchiveField 200 20ms","timestamp":"2017-05-19T16:21:50.197Z"}
{"level":"info","message":"HTTP PUT /api/messages/setArchiveField 400 6ms","timestamp":"2017-05-19T16:21:50.210Z"}
{"level":"info","message":"HTTP GET /api/messages/getUserMessages/undefined/12309280 200 7ms","timestamp":"2017-05-19T16:21:50.224Z"}
{"level":"info","message":"HTTP GET /api/messages/getUserMessages/fakeId/12309280 200 3ms","timestamp":"2017-05-19T16:21:50.234Z"}
{"level":"info","message":"HTTP GET /api/health-check 200 3ms","timestamp":"2017-05-19T16:23:07.271Z"}
{"level":"info","message":"HTTP GET /api/health-check 401 0ms","timestamp":"2017-05-19T16:23:07.294Z"}
{"level":"info","message":"HTTP POST /api/messages/createMsg 200 31ms","timestamp":"2017-05-19T16:23:07.344Z"}
{"level":"info","message":"HTTP POST /api/messages/createMsg 500 15ms","timestamp":"2017-05-19T16:23:07.370Z"}
{"level":"info","message":"HTTP PUT /api/messages/setArchiveField 200 15ms","timestamp":"2017-05-19T16:23:07.399Z"}
{"level":"info","message":"HTTP PUT /api/messages/setArchiveField 400 5ms","timestamp":"2017-05-19T16:23:07.408Z"}
{"level":"info","message":"HTTP GET /api/messages/getUserMessages/undefined/12309280 200 8ms","timestamp":"2017-05-19T16:23:07.421Z"}
{"level":"info","message":"HTTP GET /api/messages/getUserMessages/fakeId/12309280 200 6ms","timestamp":"2017-05-19T16:23:07.433Z"}
{"level":"info","message":"HTTP GET /api/health-check 200 6ms","timestamp":"2017-05-19T16:24:06.249Z"}
{"level":"info","message":"HTTP GET /api/health-check 401 0ms","timestamp":"2017-05-19T16:24:06.281Z"}
{"level":"info","message":"HTTP POST /api/messages/createMsg 200 27ms","timestamp":"2017-05-19T16:24:06.342Z"}
{"level":"info","message":"HTTP POST /api/messages/createMsg 500 15ms","timestamp":"2017-05-19T16:24:06.366Z"}
{"level":"info","message":"HTTP PUT /api/messages/setArchiveField 200 19ms","timestamp":"2017-05-19T16:24:06.396Z"}
{"level":"info","message":"HTTP PUT /api/messages/setArchiveField 400 7ms","timestamp":"2017-05-19T16:24:06.408Z"}
{"level":"info","message":"HTTP GET /api/messages/getUserMessages/undefined/12309280 200 8ms","timestamp":"2017-05-19T16:24:06.422Z"}
{"level":"info","message":"HTTP GET /api/messages/getUserMessages/fakeId/12309280 200 3ms","timestamp":"2017-05-19T16:24:06.430Z"}
{"level":"info","message":"HTTP GET /api/health-check 200 7ms","timestamp":"2017-05-19T16:25:52.415Z"}
{"level":"info","message":"HTTP GET /api/health-check 401 1ms","timestamp":"2017-05-19T16:25:52.445Z"}
{"level":"info","message":"HTTP POST /api/messages/createMsg 200 42ms","timestamp":"2017-05-19T16:25:52.531Z"}
{"level":"info","message":"HTTP POST /api/messages/createMsg 500 42ms","timestamp":"2017-05-19T16:25:52.599Z"}
{"level":"info","message":"HTTP PUT /api/messages/setArchiveField 200 58ms","timestamp":"2017-05-19T16:25:52.670Z"}
{"level":"info","message":"HTTP PUT /api/messages/setArchiveField 400 9ms","timestamp":"2017-05-19T16:25:52.686Z"}
{"level":"info","message":"HTTP GET /api/messages/getUserMessages/undefined/12309280 200 26ms","timestamp":"2017-05-19T16:25:52.741Z"}
{"level":"info","message":"HTTP GET /api/messages/getUserMessages/fakeId/12309280 200 2ms","timestamp":"2017-05-19T16:25:52.758Z"}
{"level":"info","message":"HTTP GET /api/health-check 200 6ms","timestamp":"2017-05-19T16:26:50.512Z"}
{"level":"info","message":"HTTP GET /api/health-check 401 1ms","timestamp":"2017-05-19T16:26:50.576Z"}
{"level":"info","message":"HTTP POST /api/messages/createMsg 200 35ms","timestamp":"2017-05-19T16:26:50.645Z"}
{"level":"info","message":"HTTP POST /api/messages/createMsg 500 21ms","timestamp":"2017-05-19T16:26:50.685Z"}
{"level":"info","message":"HTTP PUT /api/messages/setArchiveField 200 13ms","timestamp":"2017-05-19T16:26:50.710Z"}
{"level":"info","message":"HTTP PUT /api/messages/setArchiveField 400 8ms","timestamp":"2017-05-19T16:26:50.723Z"}
{"level":"info","message":"HTTP GET /api/messages/getUserMessages/undefined/12309280 400 14ms","timestamp":"2017-05-19T16:26:50.746Z"}
{"level":"info","message":"HTTP GET /api/messages/getUserMessages/fakeId/12309280 400 3ms","timestamp":"2017-05-19T16:26:50.761Z"}
{"level":"info","message":"HTTP GET /api/health-check 200 3ms","timestamp":"2017-05-19T16:28:55.200Z"}
{"level":"info","message":"HTTP GET /api/health-check 401 1ms","timestamp":"2017-05-19T16:28:55.230Z"}
{"level":"info","message":"HTTP POST /api/messages/createMsg 200 33ms","timestamp":"2017-05-19T16:28:55.321Z"}
{"level":"info","message":"HTTP POST /api/messages/createMsg 500 16ms","timestamp":"2017-05-19T16:28:55.353Z"}
{"level":"info","message":"HTTP PUT /api/messages/setArchiveField 200 12ms","timestamp":"2017-05-19T16:28:55.380Z"}
{"level":"info","message":"HTTP PUT /api/messages/setArchiveField 400 5ms","timestamp":"2017-05-19T16:28:55.389Z"}
{"level":"info","message":"HTTP GET /api/messages/getUserMessages/12345678/12309280 200 17ms","timestamp":"2017-05-19T16:28:55.414Z"}
{"level":"info","message":"HTTP GET /api/messages/getUserMessages/fakeId/12309280 400 5ms","timestamp":"2017-05-19T16:28:55.428Z"}
{"level":"info","message":"HTTP GET /api/health-check 200 2ms","timestamp":"2017-05-19T16:55:46.073Z"}
{"level":"info","message":"HTTP GET /api/health-check 401 1ms","timestamp":"2017-05-19T16:55:46.099Z"}
{"level":"info","message":"HTTP POST /api/messages/createMsg 200 38ms","timestamp":"2017-05-19T16:55:46.191Z"}
{"level":"info","message":"HTTP POST /api/messages/createMsg 500 22ms","timestamp":"2017-05-19T16:55:46.227Z"}
{"level":"info","message":"HTTP PUT /api/messages/setArchiveField 200 17ms","timestamp":"2017-05-19T16:55:46.261Z"}
{"level":"info","message":"HTTP PUT /api/messages/setArchiveField 400 9ms","timestamp":"2017-05-19T16:55:46.276Z"}
{"level":"info","message":"HTTP GET /api/messages/getUserMessages/12345678/12309280 200 16ms","timestamp":"2017-05-19T16:55:46.301Z"}
{"level":"info","message":"HTTP GET /api/messages/getUserMessages/fakeId/12309280 200 3ms","timestamp":"2017-05-19T16:55:46.314Z"}
{"level":"info","message":"HTTP GET /api/health-check 200 4ms","timestamp":"2017-05-19T16:57:50.531Z"}
{"level":"info","message":"HTTP GET /api/health-check 401 0ms","timestamp":"2017-05-19T16:57:50.553Z"}
{"level":"info","message":"HTTP POST /api/messages/createMsg 200 23ms","timestamp":"2017-05-19T16:57:50.604Z"}
{"level":"info","message":"HTTP POST /api/messages/createMsg 500 23ms","timestamp":"2017-05-19T16:57:50.642Z"}
{"level":"info","message":"HTTP PUT /api/messages/setArchiveField 200 25ms","timestamp":"2017-05-19T16:57:50.679Z"}
{"level":"info","message":"HTTP PUT /api/messages/setArchiveField 400 11ms","timestamp":"2017-05-19T16:57:50.696Z"}
{"level":"info","message":"HTTP GET /api/messages/getUserMessages/12345678/12309280 200 29ms","timestamp":"2017-05-19T16:57:50.741Z"}
{"level":"info","message":"HTTP GET /api/messages/getUserMessages/fakeId/12309280 200 8ms","timestamp":"2017-05-19T16:57:50.767Z"}
{"level":"info","message":"HTTP GET /api/health-check 200 3ms","timestamp":"2017-05-19T17:02:45.249Z"}
{"level":"info","message":"HTTP GET /api/health-check 401 1ms","timestamp":"2017-05-19T17:02:45.270Z"}
{"level":"info","message":"HTTP POST /api/messages/createMsg 200 21ms","timestamp":"2017-05-19T17:02:45.322Z"}
{"level":"info","message":"HTTP POST /api/messages/createMsg 500 19ms","timestamp":"2017-05-19T17:02:45.355Z"}
{"level":"info","message":"HTTP PUT /api/messages/setArchiveField 200 10ms","timestamp":"2017-05-19T17:02:45.373Z"}
{"level":"info","message":"HTTP PUT /api/messages/setArchiveField 400 7ms","timestamp":"2017-05-19T17:02:45.384Z"}
{"level":"info","message":"HTTP GET /api/messages/getUserMessages/12345678/12309280 200 11ms","timestamp":"2017-05-19T17:02:45.405Z"}
{"level":"info","message":"HTTP GET /api/messages/getUserMessages/fakeId/fakeId 400 3ms","timestamp":"2017-05-19T17:02:45.412Z"}
{"level":"info","message":"HTTP GET /api/health-check 200 5ms","timestamp":"2017-05-19T17:16:02.458Z"}
{"level":"info","message":"HTTP GET /api/health-check 401 0ms","timestamp":"2017-05-19T17:16:02.534Z"}
{"level":"info","message":"HTTP POST /api/messages/createMsg 200 48ms","timestamp":"2017-05-19T17:16:02.643Z"}
{"level":"info","message":"HTTP POST /api/messages/createMsg 500 30ms","timestamp":"2017-05-19T17:16:02.696Z"}
{"level":"info","message":"HTTP PUT /api/messages/setArchiveField 200 13ms","timestamp":"2017-05-19T17:16:02.720Z"}
{"level":"info","message":"HTTP PUT /api/messages/setArchiveField 400 8ms","timestamp":"2017-05-19T17:16:02.735Z"}
{"level":"info","message":"HTTP GET /api/messages/getUserMessages/12345678 200 6ms","timestamp":"2017-05-19T17:16:02.747Z"}
{"level":"info","message":"HTTP GET /api/messages/getUserMessages/fakeId 400 7ms","timestamp":"2017-05-19T17:16:02.762Z"}
{"level":"info","message":"HTTP GET /api/health-check 200 5ms","timestamp":"2017-05-19T17:18:47.375Z"}
{"level":"info","message":"HTTP GET /api/health-check 401 1ms","timestamp":"2017-05-19T17:18:47.403Z"}
{"level":"info","message":"HTTP POST /api/messages/createMsg 200 32ms","timestamp":"2017-05-19T17:18:47.537Z"}
{"level":"info","message":"HTTP POST /api/messages/createMsg 500 25ms","timestamp":"2017-05-19T17:18:47.573Z"}
{"level":"info","message":"HTTP PUT /api/messages/setArchiveField 200 15ms","timestamp":"2017-05-19T17:18:47.600Z"}
{"level":"info","message":"HTTP PUT /api/messages/setArchiveField 400 11ms","timestamp":"2017-05-19T17:18:47.618Z"}
{"level":"info","message":"HTTP GET /api/messages/getUserMessages/12345678 200 10ms","timestamp":"2017-05-19T17:18:47.636Z"}
{"level":"info","message":"HTTP GET /api/messages/getUserMessages/fakeId 400 6ms","timestamp":"2017-05-19T17:18:47.649Z"}
{"level":"info","message":"HTTP GET /api/health-check 200 3ms","timestamp":"2017-05-19T17:55:13.534Z"}
{"level":"info","message":"HTTP GET /api/health-check 401 0ms","timestamp":"2017-05-19T17:55:13.555Z"}
{"level":"info","message":"HTTP POST /api/messages/createMsg 200 29ms","timestamp":"2017-05-19T17:55:13.608Z"}
{"level":"info","message":"HTTP POST /api/messages/createMsg 500 15ms","timestamp":"2017-05-19T17:55:13.643Z"}
{"level":"info","message":"HTTP PUT /api/messages/setArchiveField 200 13ms","timestamp":"2017-05-19T17:55:13.673Z"}
{"level":"info","message":"HTTP PUT /api/messages/setArchiveField 400 6ms","timestamp":"2017-05-19T17:55:13.683Z"}
{"level":"info","message":"HTTP GET /api/messages/getUserMessages/12345678 200 14ms","timestamp":"2017-05-19T17:55:13.707Z"}
{"level":"info","message":"HTTP GET /api/messages/getUserMessages/fakeId 400 11ms","timestamp":"2017-05-19T17:55:13.724Z"}
{"level":"info","message":"HTTP GET /api/messages/getUserMessages/12345678 200 2ms","timestamp":"2017-05-19T17:55:13.731Z"}
{"level":"info","message":"HTTP GET /api/messages/getUserMessages/fakeId 400 13ms","timestamp":"2017-05-19T17:55:13.748Z"}
{"level":"info","message":"HTTP GET /api/health-check 200 3ms","timestamp":"2017-05-19T17:56:53.845Z"}
{"level":"info","message":"HTTP GET /api/health-check 401 1ms","timestamp":"2017-05-19T17:56:53.934Z"}
{"level":"info","message":"HTTP POST /api/messages/createMsg 200 28ms","timestamp":"2017-05-19T17:56:54.003Z"}
{"level":"info","message":"HTTP POST /api/messages/createMsg 500 21ms","timestamp":"2017-05-19T17:56:54.045Z"}
{"level":"info","message":"HTTP PUT /api/messages/setArchiveField 200 26ms","timestamp":"2017-05-19T17:56:54.086Z"}
{"level":"info","message":"HTTP PUT /api/messages/setArchiveField 400 6ms","timestamp":"2017-05-19T17:56:54.096Z"}
{"level":"info","message":"HTTP GET /api/messages/getUserMessages/12345678 200 11ms","timestamp":"2017-05-19T17:56:54.116Z"}
{"level":"info","message":"HTTP GET /api/messages/getUserMessages/fakeId 400 4ms","timestamp":"2017-05-19T17:56:54.130Z"}
{"level":"info","message":"HTTP GET /api/messages/getCompanyMessages/12345678/12309280 200 11ms","timestamp":"2017-05-19T17:56:54.147Z"}
{"level":"info","message":"HTTP GET /api/messages/getUserMessages/fakeId/fakeId 404 8ms","timestamp":"2017-05-19T17:56:54.165Z"}
{"level":"info","message":"HTTP GET /api/health-check 200 3ms","timestamp":"2017-05-19T17:57:54.927Z"}
{"level":"info","message":"HTTP GET /api/health-check 401 1ms","timestamp":"2017-05-19T17:57:54.945Z"}
{"level":"info","message":"HTTP POST /api/messages/createMsg 200 22ms","timestamp":"2017-05-19T17:57:54.988Z"}
{"level":"info","message":"HTTP POST /api/messages/createMsg 500 15ms","timestamp":"2017-05-19T17:57:55.015Z"}
{"level":"info","message":"HTTP PUT /api/messages/setArchiveField 200 17ms","timestamp":"2017-05-19T17:57:55.041Z"}
{"level":"info","message":"HTTP PUT /api/messages/setArchiveField 400 9ms","timestamp":"2017-05-19T17:57:55.055Z"}
{"level":"info","message":"HTTP GET /api/messages/getUserMessages/12345678 200 10ms","timestamp":"2017-05-19T17:57:55.073Z"}
{"level":"info","message":"HTTP GET /api/messages/getUserMessages/fakeId 400 12ms","timestamp":"2017-05-19T17:57:55.092Z"}
{"level":"info","message":"HTTP GET /api/messages/getCompanyMessages/12345678/12309280 200 11ms","timestamp":"2017-05-19T17:57:55.111Z"}
{"level":"info","message":"HTTP GET /api/messages/getCompanyMessages/fakeId/fakeId 200 4ms","timestamp":"2017-05-19T17:57:55.122Z"}
{"level":"info","message":"HTTP GET /api/health-check 200 2ms","timestamp":"2017-05-19T17:59:54.566Z"}
{"level":"info","message":"HTTP GET /api/health-check 401 1ms","timestamp":"2017-05-19T17:59:54.594Z"}
{"level":"info","message":"HTTP POST /api/messages/createMsg 200 34ms","timestamp":"2017-05-19T17:59:54.656Z"}
{"level":"info","message":"HTTP POST /api/messages/createMsg 500 34ms","timestamp":"2017-05-19T17:59:54.720Z"}
{"level":"info","message":"HTTP PUT /api/messages/setArchiveField 200 19ms","timestamp":"2017-05-19T17:59:54.753Z"}
{"level":"info","message":"HTTP PUT /api/messages/setArchiveField 400 11ms","timestamp":"2017-05-19T17:59:54.776Z"}
{"level":"info","message":"HTTP GET /api/messages/getUserMessages/12345678 200 11ms","timestamp":"2017-05-19T17:59:54.800Z"}
{"level":"info","message":"HTTP GET /api/messages/getUserMessages/fakeId 400 12ms","timestamp":"2017-05-19T17:59:54.818Z"}
{"level":"info","message":"HTTP GET /api/messages/getCompanyMessages/12345678/12309280 400 14ms","timestamp":"2017-05-19T17:59:54.841Z"}
{"level":"info","message":"HTTP GET /api/messages/getCompanyMessages/fakeId/fakeId 200 3ms","timestamp":"2017-05-19T17:59:54.854Z"}
{"level":"info","message":"HTTP GET /api/health-check 200 4ms","timestamp":"2017-05-19T18:04:58.805Z"}
{"level":"info","message":"HTTP GET /api/health-check 401 1ms","timestamp":"2017-05-19T18:04:58.830Z"}
{"level":"info","message":"HTTP POST /api/messages/createMsg 200 34ms","timestamp":"2017-05-19T18:04:58.904Z"}
{"level":"info","message":"HTTP POST /api/messages/createMsg 500 25ms","timestamp":"2017-05-19T18:04:58.943Z"}
{"level":"info","message":"HTTP PUT /api/messages/setArchiveField 200 17ms","timestamp":"2017-05-19T18:04:58.972Z"}
{"level":"info","message":"HTTP PUT /api/messages/setArchiveField 400 8ms","timestamp":"2017-05-19T18:04:58.985Z"}
{"level":"info","message":"HTTP GET /api/messages/getUserMessages/undefined 400 17ms","timestamp":"2017-05-19T18:04:59.009Z"}
{"level":"info","message":"HTTP GET /api/messages/getUserMessages/fakeId 400 6ms","timestamp":"2017-05-19T18:04:59.025Z"}
{"level":"info","message":"HTTP GET /api/messages/getCompanyMessages/undefined/12309280 400 6ms","timestamp":"2017-05-19T18:04:59.041Z"}
{"level":"info","message":"HTTP GET /api/messages/getCompanyMessages/fakeId/fakeId 200 3ms","timestamp":"2017-05-19T18:04:59.051Z"}
{"level":"info","message":"HTTP GET /api/health-check 200 3ms","timestamp":"2017-05-19T18:06:44.761Z"}
{"level":"info","message":"HTTP GET /api/health-check 401 0ms","timestamp":"2017-05-19T18:06:44.778Z"}
{"level":"info","message":"HTTP POST /api/messages/createMsg 200 29ms","timestamp":"2017-05-19T18:06:44.833Z"}
{"level":"info","message":"HTTP POST /api/messages/createMsg 500 14ms","timestamp":"2017-05-19T18:06:44.863Z"}
{"level":"info","message":"HTTP PUT /api/messages/setArchiveField 200 20ms","timestamp":"2017-05-19T18:06:44.894Z"}
{"level":"info","message":"HTTP PUT /api/messages/setArchiveField 400 7ms","timestamp":"2017-05-19T18:06:44.905Z"}
{"level":"info","message":"HTTP GET /api/messages/getUserMessages/12345678 200 11ms","timestamp":"2017-05-19T18:06:44.922Z"}
{"level":"info","message":"HTTP GET /api/messages/getUserMessages/fakeId 400 12ms","timestamp":"2017-05-19T18:06:44.939Z"}
{"level":"info","message":"HTTP GET /api/messages/getCompanyMessages/12345678/12309280 400 12ms","timestamp":"2017-05-19T18:06:44.958Z"}
{"level":"info","message":"HTTP GET /api/messages/getCompanyMessages/fakeId/fakeId 200 3ms","timestamp":"2017-05-19T18:06:44.972Z"}
{"level":"info","message":"HTTP GET /api/health-check 200 3ms","timestamp":"2017-05-19T18:08:56.787Z"}
{"level":"info","message":"HTTP GET /api/health-check 401 1ms","timestamp":"2017-05-19T18:08:56.809Z"}
{"level":"info","message":"HTTP POST /api/messages/createMsg 200 28ms","timestamp":"2017-05-19T18:08:56.867Z"}
{"level":"info","message":"HTTP POST /api/messages/createMsg 500 18ms","timestamp":"2017-05-19T18:08:56.896Z"}
{"level":"info","message":"HTTP PUT /api/messages/setArchiveField 200 11ms","timestamp":"2017-05-19T18:08:56.917Z"}
{"level":"info","message":"HTTP PUT /api/messages/setArchiveField 400 11ms","timestamp":"2017-05-19T18:08:56.934Z"}
{"level":"info","message":"HTTP GET /api/messages/getUserMessages/12345678 200 7ms","timestamp":"2017-05-19T18:08:56.952Z"}
{"level":"info","message":"HTTP GET /api/messages/getUserMessages/fakeId 400 8ms","timestamp":"2017-05-19T18:08:56.965Z"}
{"level":"info","message":"HTTP GET /api/messages/getCompanyMessages/12345678/12309280 200 14ms","timestamp":"2017-05-19T18:08:56.988Z"}
{"level":"info","message":"HTTP GET /api/messages/getCompanyMessages/fakeId/fakeId 400 5ms","timestamp":"2017-05-19T18:08:57.005Z"}
{"level":"info","message":"HTTP GET /api/health-check 200 6ms","timestamp":"2017-05-19T18:10:14.513Z"}
{"level":"info","message":"HTTP GET /api/health-check 401 1ms","timestamp":"2017-05-19T18:10:14.559Z"}
{"level":"info","message":"HTTP POST /api/messages/createMsg 200 26ms","timestamp":"2017-05-19T18:10:14.622Z"}
{"level":"info","message":"HTTP POST /api/messages/createMsg 500 29ms","timestamp":"2017-05-19T18:10:14.661Z"}
{"level":"info","message":"HTTP PUT /api/messages/setArchiveField 200 23ms","timestamp":"2017-05-19T18:10:14.694Z"}
{"level":"info","message":"HTTP PUT /api/messages/setArchiveField 400 10ms","timestamp":"2017-05-19T18:10:14.711Z"}
{"level":"info","message":"HTTP GET /api/messages/getUserMessages/12345678 200 7ms","timestamp":"2017-05-19T18:10:14.724Z"}
{"level":"info","message":"HTTP GET /api/messages/getUserMessages/fakeId 400 10ms","timestamp":"2017-05-19T18:10:14.741Z"}
{"level":"info","message":"HTTP GET /api/messages/getCompanyMessages/12345678/12309280 200 22ms","timestamp":"2017-05-19T18:10:14.777Z"}
{"level":"info","message":"HTTP GET /api/messages/getCompanyMessages/fakeId/fakeId 400 4ms","timestamp":"2017-05-19T18:10:14.807Z"}
{"level":"info","message":"HTTP GET /api/health-check 200 4ms","timestamp":"2017-05-19T18:11:54.488Z"}
{"level":"info","message":"HTTP GET /api/health-check 401 0ms","timestamp":"2017-05-19T18:11:54.511Z"}
{"level":"info","message":"HTTP POST /api/messages/createMsg 200 32ms","timestamp":"2017-05-19T18:11:54.570Z"}
{"level":"info","message":"HTTP POST /api/messages/createMsg 500 20ms","timestamp":"2017-05-19T18:11:54.611Z"}
{"level":"info","message":"HTTP PUT /api/messages/setArchiveField 200 13ms","timestamp":"2017-05-19T18:11:54.635Z"}
{"level":"info","message":"HTTP PUT /api/messages/setArchiveField 400 13ms","timestamp":"2017-05-19T18:11:54.654Z"}
{"level":"info","message":"HTTP GET /api/messages/getUserMessages/12345678 200 6ms","timestamp":"2017-05-19T18:11:54.667Z"}
{"level":"info","message":"HTTP GET /api/messages/getUserMessages/fakeId 400 4ms","timestamp":"2017-05-19T18:11:54.678Z"}
{"level":"info","message":"HTTP GET /api/messages/getCompanyMessages/12345678/12309280 500 33ms","timestamp":"2017-05-19T18:11:54.719Z"}
{"level":"info","message":"HTTP GET /api/messages/getCompanyMessages/fakeId/fakeId 400 10ms","timestamp":"2017-05-19T18:11:54.740Z"}
{"level":"info","message":"HTTP GET /api/health-check 200 3ms","timestamp":"2017-05-19T18:13:15.223Z"}
{"level":"info","message":"HTTP GET /api/health-check 401 1ms","timestamp":"2017-05-19T18:13:15.265Z"}
{"level":"info","message":"HTTP POST /api/messages/createMsg 200 32ms","timestamp":"2017-05-19T18:13:15.316Z"}
{"level":"info","message":"HTTP POST /api/messages/createMsg 500 21ms","timestamp":"2017-05-19T18:13:15.347Z"}
{"level":"info","message":"HTTP PUT /api/messages/setArchiveField 200 11ms","timestamp":"2017-05-19T18:13:15.374Z"}
{"level":"info","message":"HTTP PUT /api/messages/setArchiveField 400 6ms","timestamp":"2017-05-19T18:13:15.384Z"}
{"level":"info","message":"HTTP GET /api/messages/getUserMessages/12345678 200 14ms","timestamp":"2017-05-19T18:13:15.407Z"}
{"level":"info","message":"HTTP GET /api/messages/getUserMessages/fakeId 400 4ms","timestamp":"2017-05-19T18:13:15.417Z"}
{"level":"info","message":"HTTP GET /api/messages/getCompanyMessages/12345678/12309280 200 34ms","timestamp":"2017-05-19T18:13:15.457Z"}
{"level":"info","message":"HTTP GET /api/messages/getCompanyMessages/fakeId/fakeId 400 4ms","timestamp":"2017-05-19T18:13:15.474Z"}
{"level":"info","message":"HTTP GET /api/health-check 200 5ms","timestamp":"2017-05-19T18:34:11.323Z"}
{"level":"info","message":"HTTP GET /api/health-check 401 1ms","timestamp":"2017-05-19T18:34:11.375Z"}
{"level":"info","message":"HTTP POST /api/messages/createMsg 200 41ms","timestamp":"2017-05-19T18:34:11.454Z"}
{"level":"info","message":"HTTP POST /api/messages/createMsg 500 31ms","timestamp":"2017-05-19T18:34:11.498Z"}
{"level":"info","message":"HTTP PUT /api/messages/setArchiveField 200 18ms","timestamp":"2017-05-19T18:34:11.528Z"}
{"level":"info","message":"HTTP PUT /api/messages/setArchiveField 400 9ms","timestamp":"2017-05-19T18:34:11.542Z"}
{"level":"info","message":"HTTP GET /api/messages/getUserMessages/12345678 200 9ms","timestamp":"2017-05-19T18:34:11.559Z"}
{"level":"info","message":"HTTP GET /api/messages/getUserMessages/fakeId 400 9ms","timestamp":"2017-05-19T18:34:11.575Z"}
{"level":"info","message":"HTTP GET /api/messages/getCompanyMessages/12345678/12309280 200 13ms","timestamp":"2017-05-19T18:34:11.599Z"}
{"level":"info","message":"HTTP GET /api/messages/getCompanyMessages/fakeId/fakeId 400 4ms","timestamp":"2017-05-19T18:34:11.612Z"}
{"level":"info","message":"HTTP PUT /api/messages/markAsRead 200 4ms","timestamp":"2017-05-19T18:34:11.642Z"}
{"level":"info","message":"HTTP PUT /api/messages/markAsRead 400 6ms","timestamp":"2017-05-19T18:34:11.670Z"}
{"level":"info","message":"HTTP GET /api/health-check 200 4ms","timestamp":"2017-05-19T18:35:00.882Z"}
{"level":"info","message":"HTTP GET /api/health-check 401 0ms","timestamp":"2017-05-19T18:35:00.917Z"}
{"level":"info","message":"HTTP POST /api/messages/createMsg 200 22ms","timestamp":"2017-05-19T18:35:00.981Z"}
{"level":"info","message":"HTTP POST /api/messages/createMsg 500 24ms","timestamp":"2017-05-19T18:35:01.017Z"}
{"level":"info","message":"HTTP PUT /api/messages/setArchiveField 200 17ms","timestamp":"2017-05-19T18:35:01.047Z"}
{"level":"info","message":"HTTP PUT /api/messages/setArchiveField 400 10ms","timestamp":"2017-05-19T18:35:01.064Z"}
{"level":"info","message":"HTTP GET /api/messages/getUserMessages/12345678 200 7ms","timestamp":"2017-05-19T18:35:01.077Z"}
{"level":"info","message":"HTTP GET /api/messages/getUserMessages/fakeId 400 7ms","timestamp":"2017-05-19T18:35:01.090Z"}
{"level":"info","message":"HTTP GET /api/messages/getCompanyMessages/12345678/12309280 200 19ms","timestamp":"2017-05-19T18:35:01.115Z"}
{"level":"info","message":"HTTP GET /api/messages/getCompanyMessages/fakeId/fakeId 400 7ms","timestamp":"2017-05-19T18:35:01.130Z"}
{"level":"info","message":"HTTP PUT /api/messages/markAsRead 200 4ms","timestamp":"2017-05-19T18:35:01.149Z"}
{"level":"info","message":"HTTP PUT /api/messages/markAsRead 400 8ms","timestamp":"2017-05-19T18:35:01.162Z"}
{"level":"info","message":"HTTP GET /api/health-check 200 6ms","timestamp":"2017-05-22T12:49:22.566Z"}
{"level":"info","message":"HTTP GET /api/health-check 401 2ms","timestamp":"2017-05-22T12:49:22.606Z"}
{"level":"info","message":"HTTP POST /api/messages/createMsg 200 58ms","timestamp":"2017-05-22T12:49:22.716Z"}
{"level":"info","message":"HTTP POST /api/messages/createMsg 500 7ms","timestamp":"2017-05-22T12:49:22.746Z"}
{"level":"info","message":"HTTP PUT /api/messages/setArchiveField 200 18ms","timestamp":"2017-05-22T12:49:22.778Z"}
{"level":"info","message":"HTTP PUT /api/messages/setArchiveField 400 7ms","timestamp":"2017-05-22T12:49:22.792Z"}
{"level":"info","message":"HTTP GET /api/messages/getUserMessages/12345678 200 36ms","timestamp":"2017-05-22T12:49:22.840Z"}
{"level":"info","message":"HTTP GET /api/messages/getUserMessages/fakeId 400 6ms","timestamp":"2017-05-22T12:49:22.868Z"}
{"level":"info","message":"HTTP GET /api/messages/getCompanyMessages/12345678/12309280 200 6ms","timestamp":"2017-05-22T12:49:22.894Z"}
{"level":"info","message":"HTTP GET /api/messages/getCompanyMessages/fakeId/fakeId 400 8ms","timestamp":"2017-05-22T12:49:22.910Z"}
{"level":"info","message":"HTTP PUT /api/messages/markAsRead 200 3ms","timestamp":"2017-05-22T12:49:22.921Z"}
{"level":"info","message":"HTTP PUT /api/messages/markAsRead 400 7ms","timestamp":"2017-05-22T12:49:22.945Z"}
{"level":"info","message":"HTTP GET /api/health-check 200 3ms","timestamp":"2017-05-22T12:51:46.223Z"}
{"level":"info","message":"HTTP GET /api/health-check 401 0ms","timestamp":"2017-05-22T12:51:46.238Z"}
{"level":"info","message":"HTTP POST /api/messages/createMsg 200 18ms","timestamp":"2017-05-22T12:51:46.286Z"}
{"level":"info","message":"HTTP POST /api/messages/createMsg 500 10ms","timestamp":"2017-05-22T12:51:46.316Z"}
{"level":"info","message":"HTTP PUT /api/messages/setArchiveField 200 8ms","timestamp":"2017-05-22T12:51:46.332Z"}
{"level":"info","message":"HTTP PUT /api/messages/setArchiveField 400 6ms","timestamp":"2017-05-22T12:51:46.343Z"}
{"level":"info","message":"HTTP GET /api/messages/getUserMessages/12345678 200 15ms","timestamp":"2017-05-22T12:51:46.366Z"}
{"level":"info","message":"HTTP GET /api/messages/getUserMessages/fakeId 400 7ms","timestamp":"2017-05-22T12:51:46.395Z"}
{"level":"info","message":"HTTP GET /api/messages/getCompanyMessages/12345678/12309280 200 6ms","timestamp":"2017-05-22T12:51:46.422Z"}
{"level":"info","message":"HTTP GET /api/messages/getCompanyMessages/fakeId/fakeId 400 10ms","timestamp":"2017-05-22T12:51:46.437Z"}
{"level":"info","message":"HTTP PUT /api/messages/markAsRead 200 4ms","timestamp":"2017-05-22T12:51:46.450Z"}
{"level":"info","message":"HTTP PUT /api/messages/markAsRead 400 5ms","timestamp":"2017-05-22T12:51:46.463Z"}
